Using pre-set license
Built from '2020.3/staging' branch; Version is '2020.3.4f1 (0abb6314276a) revision 703331'; Using compiler version '192528614'; Build Type 'Release'
OS: 'Windows 10 Home; OS build 19042.928; Version 2009; 64bit' Language: 'en' Physical Memory: 16300 MB
BatchMode: 1, IsHumanControllingUs: 0, StartBugReporterOnCrash: 0, Is64bit: 1, IsPro: 0

 COMMAND LINE ARGUMENTS:
C:\Program Files\Unity\Hub\Editor\2020.3.4f1\Editor\Unity.exe
-adb2
-batchMode
-noUpm
-name
AssetImportWorker0
-projectPath
C:/Users/QHS Graphics/Test Project
-logFile
Logs/AssetImportWorker0.log
-srvPort
63297
Successfully changed project path to: C:/Users/QHS Graphics/Test Project
C:/Users/QHS Graphics/Test Project
Using Asset Import Pipeline V2.
Refreshing native plugins compatible for Editor in 18.39 ms, found 0 plugins.
Preloading 0 native plugins for Editor in 0.00 ms.
Initialize engine version: 2020.3.4f1 (0abb6314276a)
[Subsystems] Discovering subsystems at path C:/Program Files/Unity/Hub/Editor/2020.3.4f1/Editor/Data/Resources/UnitySubsystems
[Subsystems] Discovering subsystems at path C:/Users/QHS Graphics/Test Project/Assets
GfxDevice: creating device client; threaded=0
Direct3D:
    Version:  Direct3D 11.0 [level 11.1]
    Renderer: NVIDIA GeForce GTX 1660 Ti (ID=0x2182)
    Vendor:   
    VRAM:     5991 MB
    Driver:   27.21.14.5671
Initialize mono
Mono path[0] = 'C:/Program Files/Unity/Hub/Editor/2020.3.4f1/Editor/Data/Managed'
Mono path[1] = 'C:/Program Files/Unity/Hub/Editor/2020.3.4f1/Editor/Data/MonoBleedingEdge/lib/mono/unityjit'
Mono config path = 'C:/Program Files/Unity/Hub/Editor/2020.3.4f1/Editor/Data/MonoBleedingEdge/etc'
Using monoOptions --debugger-agent=transport=dt_socket,embedding=1,server=y,suspend=n,address=127.0.0.1:56096
Begin MonoManager ReloadAssembly
Registering precompiled unity dll's ...
Register platform support module: C:/Program Files/Unity/Hub/Editor/2020.3.4f1/Editor/Data/PlaybackEngines/WebGLSupport/UnityEditor.WebGL.Extensions.dll
Register platform support module: C:/Program Files/Unity/Hub/Editor/2020.3.4f1/Editor/Data/PlaybackEngines/WindowsStandaloneSupport/UnityEditor.WindowsStandalone.Extensions.dll
Registered in 0.002767 seconds.
Native extension for WindowsStandalone target not found
Native extension for WebGL target not found
Refreshing native plugins compatible for Editor in 18.79 ms, found 0 plugins.
Preloading 0 native plugins for Editor in 0.00 ms.
Mono: successfully reloaded assembly
- Completed reload, in  1.098 seconds
Platform modules already initialized, skipping
Registering precompiled user dll's ...
Registered in 0.001072 seconds.
Begin MonoManager ReloadAssembly
Native extension for WindowsStandalone target not found
Native extension for WebGL target not found
Refreshing native plugins compatible for Editor in 0.16 ms, found 0 plugins.
Preloading 0 native plugins for Editor in 0.00 ms.
Mono: successfully reloaded assembly
- Completed reload, in  0.674 seconds
Platform modules already initialized, skipping
========================================================================
Worker process is ready to serve import requests
Launched and connected shader compiler UnityShaderCompiler.exe after 0.05 seconds
Refreshing native plugins compatible for Editor in 0.17 ms, found 0 plugins.
Preloading 0 native plugins for Editor in 0.00 ms.
Unloading 1127 Unused Serialized files (Serialized files now loaded: 0)
System memory in use before: 57.5 MB.
System memory in use after: 57.5 MB.

Unloading 10 unused Assets to reduce memory usage. Loaded Objects now: 1569.
Total: 1.356900 ms (FindLiveObjects: 0.108600 ms CreateObjectMapping: 0.031200 ms MarkObjects: 1.156700 ms  DeleteObjects: 0.059900 ms)

========================================================================
Received Import Request.
  path: Assets/Unity UI Samples/Prefabs/Slider Lit.prefab
  artifactKey: Guid(1d49f63596dbd412fa2c32ef87fdf2f0) Importer(815301076,1909f56bfc062723c751e8b465ee728b)
Start importing Assets/Unity UI Samples/Prefabs/Slider Lit.prefab using Guid(1d49f63596dbd412fa2c32ef87fdf2f0) Importer(815301076,1909f56bfc062723c751e8b465ee728b)  -> (artifact id: '520b214c8cee3b517f2b75e18e4c450f') in 0.050153 seconds
  Import took 0.051717 seconds .

========================================================================
Received Import Request.
  Time since last request: 0.000213 seconds.
  path: Assets/Unity UI Samples/Prefabs/SF Toggle.prefab
  artifactKey: Guid(212619aea848509449704f41e4a1d3f2) Importer(815301076,1909f56bfc062723c751e8b465ee728b)
Start importing Assets/Unity UI Samples/Prefabs/SF Toggle.prefab using Guid(212619aea848509449704f41e4a1d3f2) Importer(815301076,1909f56bfc062723c751e8b465ee728b)  -> (artifact id: '9672050252b8dc19319a5ec2a8e902c1') in 0.010155 seconds
  Import took 0.011566 seconds .

========================================================================
Received Import Request.
  Time since last request: 0.000262 seconds.
  path: Assets/Unity UI Samples/Prefabs/SF Scene Elements.prefab
  artifactKey: Guid(7461a7b0cf97947fd9b9e4502fd2d07b) Importer(815301076,1909f56bfc062723c751e8b465ee728b)
Start importing Assets/Unity UI Samples/Prefabs/SF Scene Elements.prefab using Guid(7461a7b0cf97947fd9b9e4502fd2d07b) Importer(815301076,1909f56bfc062723c751e8b465ee728b)  -> (artifact id: '901edf75ceefc97e66aa313e6233ece0') in 0.166439 seconds
  Import took 0.168049 seconds .

========================================================================
Received Import Request.
  Time since last request: 0.000197 seconds.
  path: Assets/Unity UI Samples/Prefabs/SF Slider.prefab
  artifactKey: Guid(b6a1cf4e3eeaf9a4ca38bf8acb910a6d) Importer(815301076,1909f56bfc062723c751e8b465ee728b)
Start importing Assets/Unity UI Samples/Prefabs/SF Slider.prefab using Guid(b6a1cf4e3eeaf9a4ca38bf8acb910a6d) Importer(815301076,1909f56bfc062723c751e8b465ee728b)  -> (artifact id: '60942e17cd70c3457fa6b26ff6bbfdba') in 0.006226 seconds
  Import took 0.007656 seconds .

========================================================================
Received Import Request.
  Time since last request: 0.000189 seconds.
  path: Assets/Unity UI Samples/Prefabs/SF Button.prefab
  artifactKey: Guid(05a81c3d5091440058129444d28322f3) Importer(815301076,1909f56bfc062723c751e8b465ee728b)
Start importing Assets/Unity UI Samples/Prefabs/SF Button.prefab using Guid(05a81c3d5091440058129444d28322f3) Importer(815301076,1909f56bfc062723c751e8b465ee728b)  -> (artifact id: '0961b574bdde04b44a0808a324e3bbc1') in 0.010426 seconds
  Import took 0.012021 seconds .

========================================================================
Received Import Request.
  Time since last request: 0.000245 seconds.
  path: Assets/Unity UI Samples/Prefabs/SF Title.prefab
  artifactKey: Guid(a93c012dd9ef6454fa7d140e976926f7) Importer(815301076,1909f56bfc062723c751e8b465ee728b)
Start importing Assets/Unity UI Samples/Prefabs/SF Title.prefab using Guid(a93c012dd9ef6454fa7d140e976926f7) Importer(815301076,1909f56bfc062723c751e8b465ee728b)  -> (artifact id: '06c0573d0d0e66ec3042b5a1ea4c0b3e') in 0.007081 seconds
  Import took 0.008882 seconds .

========================================================================
Received Import Request.
  Time since last request: 0.000194 seconds.
  path: Assets/Unity UI Samples/Prefabs/SF Grid Button.prefab
  artifactKey: Guid(8a0cab5ff0a9b465bbc169d7ad27a67f) Importer(815301076,1909f56bfc062723c751e8b465ee728b)
Start importing Assets/Unity UI Samples/Prefabs/SF Grid Button.prefab using Guid(8a0cab5ff0a9b465bbc169d7ad27a67f) Importer(815301076,1909f56bfc062723c751e8b465ee728b)  -> (artifact id: 'ec52e4d50db13c275bb280781fc69d1d') in 0.007148 seconds
  Import took 0.008673 seconds .

========================================================================
Received Import Request.
  Time since last request: 0.107070 seconds.
  path: Assets/Unity UI Samples/Models/vehicle_rcFlyer_clean.fbx
  artifactKey: Guid(dd8c80a5a447f04418da146781b05fd8) Importer(815301076,1909f56bfc062723c751e8b465ee728b)
Start importing Assets/Unity UI Samples/Models/vehicle_rcFlyer_clean.fbx using Guid(dd8c80a5a447f04418da146781b05fd8) Importer(815301076,1909f56bfc062723c751e8b465ee728b)  -> (artifact id: '1df85f932c35d255a17e5e6abc5017e9') in 0.578919 seconds
  Import took 0.580589 seconds .

========================================================================
Received Import Request.
  Time since last request: 5.648114 seconds.
  path: Assets/Unity UI Samples/Scenes/Menu 3D.unity
  artifactKey: Guid(fa0913115ac1d4fba8b9d10280f4b04d) Importer(815301076,1909f56bfc062723c751e8b465ee728b)
Start importing Assets/Unity UI Samples/Scenes/Menu 3D.unity using Guid(fa0913115ac1d4fba8b9d10280f4b04d) Importer(815301076,1909f56bfc062723c751e8b465ee728b)  -> (artifact id: 'd852c1523595f476267a61419542900f') in 0.004731 seconds
  Import took 0.006300 seconds .

========================================================================
Received Import Request.
  Time since last request: 0.003901 seconds.
  path: Assets/Unity UI Samples/Scenes/Menu 3D.unity
  artifactKey: Guid(fa0913115ac1d4fba8b9d10280f4b04d) Importer(815301076,1909f56bfc062723c751e8b465ee728b)
Start importing Assets/Unity UI Samples/Scenes/Menu 3D.unity using Guid(fa0913115ac1d4fba8b9d10280f4b04d) Importer(815301076,1909f56bfc062723c751e8b465ee728b)  -> (artifact id: 'd852c1523595f476267a61419542900f') in 0.004302 seconds
  Import took 0.005906 seconds .

========================================================================
Received Import Request.
  Time since last request: 98.845895 seconds.
  path: Assets/Unity UI Samples/Textures and Sprites/Lit UI/BackgroundNormal.psd
  artifactKey: Guid(50ab5eea3a58b4ddeb99f0388a1d77c5) Importer(815301076,1909f56bfc062723c751e8b465ee728b)
Start importing Assets/Unity UI Samples/Textures and Sprites/Lit UI/BackgroundNormal.psd using Guid(50ab5eea3a58b4ddeb99f0388a1d77c5) Importer(815301076,1909f56bfc062723c751e8b465ee728b)  -> (artifact id: 'b88766a607ee98d87d0a3ed3a53e35f4') in 0.022974 seconds
  Import took 0.024741 seconds .

========================================================================
Received Import Request.
  Time since last request: 0.001022 seconds.
  path: Assets/Unity UI Samples/Textures and Sprites/Lit UI/BackgroundNormal.psd
  artifactKey: Guid(50ab5eea3a58b4ddeb99f0388a1d77c5) Importer(815301076,1909f56bfc062723c751e8b465ee728b)
Start importing Assets/Unity UI Samples/Textures and Sprites/Lit UI/BackgroundNormal.psd using Guid(50ab5eea3a58b4ddeb99f0388a1d77c5) Importer(815301076,1909f56bfc062723c751e8b465ee728b)  -> (artifact id: 'b88766a607ee98d87d0a3ed3a53e35f4') in 0.007836 seconds
  Import took 0.009324 seconds .

========================================================================
Received Import Request.
  Time since last request: 3.864919 seconds.
  path: Assets/Unity UI Samples/Textures and Sprites/Lit UI/DiagonalSpritesNormal.psd
  artifactKey: Guid(022a5dbc82be311428eec45125477996) Importer(815301076,1909f56bfc062723c751e8b465ee728b)
Start importing Assets/Unity UI Samples/Textures and Sprites/Lit UI/DiagonalSpritesNormal.psd using Guid(022a5dbc82be311428eec45125477996) Importer(815301076,1909f56bfc062723c751e8b465ee728b)  -> (artifact id: 'd654f5b47ec96d9b89254a22ae2b299d') in 0.009104 seconds
  Import took 0.010803 seconds .

========================================================================
Received Import Request.
  Time since last request: 0.000219 seconds.
  path: Assets/Unity UI Samples/Textures and Sprites/Lit UI/DiagonalStripes.psd
  artifactKey: Guid(30db500b226a8014e82f9e1e39a78e15) Importer(815301076,1909f56bfc062723c751e8b465ee728b)
Start importing Assets/Unity UI Samples/Textures and Sprites/Lit UI/DiagonalStripes.psd using Guid(30db500b226a8014e82f9e1e39a78e15) Importer(815301076,1909f56bfc062723c751e8b465ee728b)  -> (artifact id: 'e91957e329825deae790e20e0bbc3bd0') in 0.009071 seconds
  Import took 0.010501 seconds .

========================================================================
Received Import Request.
  Time since last request: 1.098267 seconds.
  path: Assets/Unity UI Samples/Textures and Sprites/Decoration/DottedRoundedRect.psd
  artifactKey: Guid(2b4a1682166e4434e8ee7c6f47115b43) Importer(815301076,1909f56bfc062723c751e8b465ee728b)
Start importing Assets/Unity UI Samples/Textures and Sprites/Decoration/DottedRoundedRect.psd using Guid(2b4a1682166e4434e8ee7c6f47115b43) Importer(815301076,1909f56bfc062723c751e8b465ee728b)  -> (artifact id: '42f9004b1620824de5bd560c7e6a0cce') in 0.017151 seconds
  Import took 0.018698 seconds .

========================================================================
Received Import Request.
  Time since last request: 1.231537 seconds.
  path: Assets/Unity UI Samples/Fonts/Jupiter/Jupiter.ttf
  artifactKey: Guid(7cb2912222469634ba17a77055919ea8) Importer(815301076,1909f56bfc062723c751e8b465ee728b)
Start importing Assets/Unity UI Samples/Fonts/Jupiter/Jupiter.ttf using Guid(7cb2912222469634ba17a77055919ea8) Importer(815301076,1909f56bfc062723c751e8b465ee728b)  -> (artifact id: '2ec520ed9cd76ff86780ad5f248022de') in 0.039046 seconds
  Import took 0.040593 seconds .

========================================================================
Received Import Request.
  Time since last request: 0.894089 seconds.
  path: Assets/Unity UI Samples/Textures and Sprites/Decoration/Icon1.png
  artifactKey: Guid(be0d6a45537a1a64e9e6c4ce47a2d58a) Importer(815301076,1909f56bfc062723c751e8b465ee728b)
Start importing Assets/Unity UI Samples/Textures and Sprites/Decoration/Icon1.png using Guid(be0d6a45537a1a64e9e6c4ce47a2d58a) Importer(815301076,1909f56bfc062723c751e8b465ee728b)  -> (artifact id: '4bc06a9d688b83cf56bc79715e9a29c5') in 0.053448 seconds
  Import took 0.055030 seconds .

========================================================================
Received Import Request.
  Time since last request: 0.000891 seconds.
  path: Assets/Unity UI Samples/Textures and Sprites/Decoration/Icon1.png
  artifactKey: Guid(be0d6a45537a1a64e9e6c4ce47a2d58a) Importer(815301076,1909f56bfc062723c751e8b465ee728b)
Start importing Assets/Unity UI Samples/Textures and Sprites/Decoration/Icon1.png using Guid(be0d6a45537a1a64e9e6c4ce47a2d58a) Importer(815301076,1909f56bfc062723c751e8b465ee728b)  -> (artifact id: '4bc06a9d688b83cf56bc79715e9a29c5') in 0.019869 seconds
  Import took 0.021431 seconds .

========================================================================
Received Import Request.
  Time since last request: 0.101429 seconds.
  path: Assets/Unity UI Samples/Textures and Sprites/Decoration/Icon2.png
  artifactKey: Guid(fccea209f9ea7b1488225287813f4e38) Importer(815301076,1909f56bfc062723c751e8b465ee728b)
Start importing Assets/Unity UI Samples/Textures and Sprites/Decoration/Icon2.png using Guid(fccea209f9ea7b1488225287813f4e38) Importer(815301076,1909f56bfc062723c751e8b465ee728b)  -> (artifact id: 'd492cec9108aefe4e918f87ec3c24993') in 0.016745 seconds
  Import took 0.018389 seconds .

========================================================================
Received Import Request.
  Time since last request: 0.090902 seconds.
  path: Assets/Unity UI Samples/Textures and Sprites/Decoration/Icon3.png
  artifactKey: Guid(e484876f0cfbe8d46981ae0062b5e77f) Importer(815301076,1909f56bfc062723c751e8b465ee728b)
Start importing Assets/Unity UI Samples/Textures and Sprites/Decoration/Icon3.png using Guid(e484876f0cfbe8d46981ae0062b5e77f) Importer(815301076,1909f56bfc062723c751e8b465ee728b)  -> (artifact id: '3a42b18d5f1d97dced61d23f537b0842') in 0.018992 seconds
  Import took 0.020776 seconds .

========================================================================
Received Import Request.
  Time since last request: 0.753414 seconds.
  path: Assets/Unity UI Samples/Textures and Sprites/Lit UI/KnobNormal.psd
  artifactKey: Guid(38a596ccbd20144369ac06fcbc2ce118) Importer(815301076,1909f56bfc062723c751e8b465ee728b)
Start importing Assets/Unity UI Samples/Textures and Sprites/Lit UI/KnobNormal.psd using Guid(38a596ccbd20144369ac06fcbc2ce118) Importer(815301076,1909f56bfc062723c751e8b465ee728b)  -> (artifact id: '0b6cd5745bb397dbe7854b0153d97fb8') in 0.009510 seconds
  Import took 0.011126 seconds .

========================================================================
Received Import Request.
  Time since last request: 6.597372 seconds.
  path: Assets/Unity UI Samples/Textures and Sprites/RenderTexture.renderTexture
  artifactKey: Guid(b0eb721fa5d008e4283a54ab605d0bf4) Importer(815301076,1909f56bfc062723c751e8b465ee728b)
Start importing Assets/Unity UI Samples/Textures and Sprites/RenderTexture.renderTexture using Guid(b0eb721fa5d008e4283a54ab605d0bf4) Importer(815301076,1909f56bfc062723c751e8b465ee728b)  -> (artifact id: '34c5409304fe38f60edb08b11cb8b3af') in 0.013481 seconds
  Import took 0.022302 seconds .

========================================================================
Received Import Request.
  Time since last request: 1.249245 seconds.
  path: Assets/Unity UI Samples/Textures and Sprites/SF UI/Background/SF Background.png
  artifactKey: Guid(39939fe0b3df2b741aca15c2accaf90a) Importer(815301076,1909f56bfc062723c751e8b465ee728b)
Start importing Assets/Unity UI Samples/Textures and Sprites/SF UI/Background/SF Background.png using Guid(39939fe0b3df2b741aca15c2accaf90a) Importer(815301076,1909f56bfc062723c751e8b465ee728b)  -> (artifact id: 'ba21b162a5798c979336ddaccfc2591e') in 0.025674 seconds
  Import took 0.027228 seconds .

========================================================================
Received Import Request.
  Time since last request: 0.532520 seconds.
  path: Assets/Unity UI Samples/Textures and Sprites/SF UI/SF Button.psd
  artifactKey: Guid(9a32a6cc2cb803443983d45d4a513506) Importer(815301076,1909f56bfc062723c751e8b465ee728b)
Start importing Assets/Unity UI Samples/Textures and Sprites/SF UI/SF Button.psd using Guid(9a32a6cc2cb803443983d45d4a513506) Importer(815301076,1909f56bfc062723c751e8b465ee728b)  -> (artifact id: 'd27009e08bf2bb963672e6c5729b0dc6') in 0.012003 seconds
  Import took 0.013602 seconds .

========================================================================
Received Import Request.
  Time since last request: 0.002515 seconds.
  path: Assets/Unity UI Samples/Textures and Sprites/SF UI/SF Button.psd
  artifactKey: Guid(9a32a6cc2cb803443983d45d4a513506) Importer(815301076,1909f56bfc062723c751e8b465ee728b)
Start importing Assets/Unity UI Samples/Textures and Sprites/SF UI/SF Button.psd using Guid(9a32a6cc2cb803443983d45d4a513506) Importer(815301076,1909f56bfc062723c751e8b465ee728b)  -> (artifact id: 'd27009e08bf2bb963672e6c5729b0dc6') in 0.009671 seconds
  Import took 0.011345 seconds .

========================================================================
Received Prepare
Registering precompiled user dll's ...
Registered in 0.000888 seconds.
Begin MonoManager ReloadAssembly
Native extension for WindowsStandalone target not found
Native extension for WebGL target not found
Refreshing native plugins compatible for Editor in 0.19 ms, found 0 plugins.
Preloading 0 native plugins for Editor in 0.00 ms.
Mono: successfully reloaded assembly
- Completed reload, in  0.647 seconds
Platform modules already initialized, skipping
Refreshing native plugins compatible for Editor in 0.17 ms, found 0 plugins.
Preloading 0 native plugins for Editor in 0.00 ms.
Unloading 1122 Unused Serialized files (Serialized files now loaded: 0)
System memory in use before: 61.6 MB.
System memory in use after: 61.7 MB.

Unloading 11 unused Assets to reduce memory usage. Loaded Objects now: 1639.
Total: 1.449500 ms (FindLiveObjects: 0.108800 ms CreateObjectMapping: 0.032500 ms MarkObjects: 1.248500 ms  DeleteObjects: 0.058900 ms)

========================================================================
Received Prepare
Registering precompiled user dll's ...
Registered in 0.000998 seconds.
Begin MonoManager ReloadAssembly
Native extension for WindowsStandalone target not found
Native extension for WebGL target not found
Refreshing native plugins compatible for Editor in 0.17 ms, found 0 plugins.
Preloading 0 native plugins for Editor in 0.00 ms.
Mono: successfully reloaded assembly
- Completed reload, in  0.635 seconds
Platform modules already initialized, skipping
Refreshing native plugins compatible for Editor in 0.17 ms, found 0 plugins.
Preloading 0 native plugins for Editor in 0.00 ms.
Unloading 1122 Unused Serialized files (Serialized files now loaded: 0)
System memory in use before: 61.6 MB.
System memory in use after: 61.7 MB.

Unloading 5 unused Assets to reduce memory usage. Loaded Objects now: 1642.
Total: 1.207100 ms (FindLiveObjects: 0.119400 ms CreateObjectMapping: 0.034300 ms MarkObjects: 1.014500 ms  DeleteObjects: 0.038100 ms)

========================================================================
Received Prepare
Registering precompiled user dll's ...
Registered in 0.001053 seconds.
Begin MonoManager ReloadAssembly
Native extension for WindowsStandalone target not found
Native extension for WebGL target not found
Refreshing native plugins compatible for Editor in 0.18 ms, found 0 plugins.
Preloading 0 native plugins for Editor in 0.00 ms.
Mono: successfully reloaded assembly
- Completed reload, in  0.616 seconds
Platform modules already initialized, skipping
Refreshing native plugins compatible for Editor in 0.16 ms, found 0 plugins.
Preloading 0 native plugins for Editor in 0.00 ms.
Unloading 1122 Unused Serialized files (Serialized files now loaded: 0)
System memory in use before: 61.7 MB.
System memory in use after: 61.7 MB.

Unloading 5 unused Assets to reduce memory usage. Loaded Objects now: 1645.
Total: 1.511100 ms (FindLiveObjects: 0.171500 ms CreateObjectMapping: 0.046900 ms MarkObjects: 1.249300 ms  DeleteObjects: 0.042600 ms)

========================================================================
Received Prepare
Registering precompiled user dll's ...
Registered in 0.000974 seconds.
Begin MonoManager ReloadAssembly
Native extension for WindowsStandalone target not found
Native extension for WebGL target not found
Refreshing native plugins compatible for Editor in 0.17 ms, found 0 plugins.
Preloading 0 native plugins for Editor in 0.00 ms.
Mono: successfully reloaded assembly
- Completed reload, in  0.632 seconds
Platform modules already initialized, skipping
Refreshing native plugins compatible for Editor in 0.16 ms, found 0 plugins.
Preloading 0 native plugins for Editor in 0.00 ms.
Unloading 1122 Unused Serialized files (Serialized files now loaded: 0)
System memory in use before: 61.7 MB.
System memory in use after: 61.7 MB.

Unloading 5 unused Assets to reduce memory usage. Loaded Objects now: 1648.
Total: 1.363400 ms (FindLiveObjects: 0.152200 ms CreateObjectMapping: 0.044500 ms MarkObjects: 1.125200 ms  DeleteObjects: 0.040500 ms)

========================================================================
Received Prepare
Registering precompiled user dll's ...
Registered in 0.001068 seconds.
Begin MonoManager ReloadAssembly
Native extension for WindowsStandalone target not found
Native extension for WebGL target not found
Refreshing native plugins compatible for Editor in 0.17 ms, found 0 plugins.
Preloading 0 native plugins for Editor in 0.00 ms.
Mono: successfully reloaded assembly
- Completed reload, in  0.623 seconds
Platform modules already initialized, skipping
Refreshing native plugins compatible for Editor in 0.16 ms, found 0 plugins.
Preloading 0 native plugins for Editor in 0.00 ms.
Unloading 1122 Unused Serialized files (Serialized files now loaded: 0)
System memory in use before: 61.7 MB.
System memory in use after: 61.7 MB.

Unloading 5 unused Assets to reduce memory usage. Loaded Objects now: 1651.
Total: 1.197500 ms (FindLiveObjects: 0.101200 ms CreateObjectMapping: 0.026700 ms MarkObjects: 1.032600 ms  DeleteObjects: 0.036500 ms)

========================================================================
Received Prepare
Registering precompiled user dll's ...
Registered in 0.001311 seconds.
Begin MonoManager ReloadAssembly
Native extension for WindowsStandalone target not found
Native extension for WebGL target not found
Refreshing native plugins compatible for Editor in 0.17 ms, found 0 plugins.
Preloading 0 native plugins for Editor in 0.00 ms.
Mono: successfully reloaded assembly
- Completed reload, in  0.620 seconds
Platform modules already initialized, skipping
Refreshing native plugins compatible for Editor in 0.16 ms, found 0 plugins.
Preloading 0 native plugins for Editor in 0.00 ms.
Unloading 1122 Unused Serialized files (Serialized files now loaded: 0)
System memory in use before: 61.7 MB.
System memory in use after: 61.8 MB.

Unloading 5 unused Assets to reduce memory usage. Loaded Objects now: 1654.
Total: 1.338100 ms (FindLiveObjects: 0.106700 ms CreateObjectMapping: 0.027000 ms MarkObjects: 1.166800 ms  DeleteObjects: 0.036800 ms)

========================================================================
Received Prepare
Registering precompiled user dll's ...
Registered in 0.001076 seconds.
Begin MonoManager ReloadAssembly
Native extension for WindowsStandalone target not found
Native extension for WebGL target not found
Refreshing native plugins compatible for Editor in 0.17 ms, found 0 plugins.
Preloading 0 native plugins for Editor in 0.00 ms.
Mono: successfully reloaded assembly
- Completed reload, in  0.617 seconds
Platform modules already initialized, skipping
Refreshing native plugins compatible for Editor in 0.16 ms, found 0 plugins.
Preloading 0 native plugins for Editor in 0.00 ms.
Unloading 1122 Unused Serialized files (Serialized files now loaded: 0)
System memory in use before: 61.7 MB.
System memory in use after: 61.8 MB.

Unloading 5 unused Assets to reduce memory usage. Loaded Objects now: 1657.
Total: 1.296200 ms (FindLiveObjects: 0.125400 ms CreateObjectMapping: 0.029800 ms MarkObjects: 1.103000 ms  DeleteObjects: 0.037100 ms)

========================================================================
Received Prepare
Registering precompiled user dll's ...
Registered in 0.001079 seconds.
Begin MonoManager ReloadAssembly
Native extension for WindowsStandalone target not found
Native extension for WebGL target not found
Refreshing native plugins compatible for Editor in 0.17 ms, found 0 plugins.
Preloading 0 native plugins for Editor in 0.00 ms.
Mono: successfully reloaded assembly
- Completed reload, in  0.617 seconds
Platform modules already initialized, skipping
Refreshing native plugins compatible for Editor in 0.19 ms, found 0 plugins.
Preloading 0 native plugins for Editor in 0.00 ms.
Unloading 1122 Unused Serialized files (Serialized files now loaded: 0)
System memory in use before: 61.7 MB.
System memory in use after: 61.8 MB.

Unloading 5 unused Assets to reduce memory usage. Loaded Objects now: 1660.
Total: 1.368700 ms (FindLiveObjects: 0.105100 ms CreateObjectMapping: 0.027700 ms MarkObjects: 1.195000 ms  DeleteObjects: 0.040500 ms)

========================================================================
Received Prepare
Registering precompiled user dll's ...
Registered in 0.000948 seconds.
Begin MonoManager ReloadAssembly
Native extension for WindowsStandalone target not found
Native extension for WebGL target not found
Refreshing native plugins compatible for Editor in 0.16 ms, found 0 plugins.
Preloading 0 native plugins for Editor in 0.00 ms.
Mono: successfully reloaded assembly
- Completed reload, in  0.618 seconds
Platform modules already initialized, skipping
Refreshing native plugins compatible for Editor in 0.16 ms, found 0 plugins.
Preloading 0 native plugins for Editor in 0.00 ms.
Unloading 1122 Unused Serialized files (Serialized files now loaded: 0)
System memory in use before: 61.7 MB.
System memory in use after: 61.8 MB.

Unloading 5 unused Assets to reduce memory usage. Loaded Objects now: 1663.
Total: 1.308100 ms (FindLiveObjects: 0.157900 ms CreateObjectMapping: 0.047200 ms MarkObjects: 1.066700 ms  DeleteObjects: 0.035300 ms)

========================================================================
Received Import Request.
  Time since last request: 1864.915225 seconds.
  path: Assets/Unity UI Samples/Materials/Slider Background.mat
  artifactKey: Guid(27d87a15bf86c4159800770927c9aa2f) Importer(815301076,1909f56bfc062723c751e8b465ee728b)
Start importing Assets/Unity UI Samples/Materials/Slider Background.mat using Guid(27d87a15bf86c4159800770927c9aa2f) Importer(815301076,1909f56bfc062723c751e8b465ee728b)  -> (artifact id: '01508a25d085f96c2090f07592864341') in 0.143908 seconds
  Import took 0.145825 seconds .

========================================================================
Received Import Request.
  Time since last request: 0.000194 seconds.
  path: Assets/Unity UI Samples/Materials/UI Opaque.mat
  artifactKey: Guid(8934f7763af9e41ee8845ae14c5473f1) Importer(815301076,1909f56bfc062723c751e8b465ee728b)
Start importing Assets/Unity UI Samples/Materials/UI Opaque.mat using Guid(8934f7763af9e41ee8845ae14c5473f1) Importer(815301076,1909f56bfc062723c751e8b465ee728b)  -> (artifact id: '56ec1f88e713344792eaf1a2846770b0') in 0.010075 seconds
  Import took 0.011475 seconds .

========================================================================
Received Import Request.
  Time since last request: 0.000165 seconds.
  path: Assets/Unity UI Samples/Models/Materials/vehicle_rcFlyer_dome_mat.mat
  artifactKey: Guid(27342824cec2ee64ab208b2396c0d82c) Importer(815301076,1909f56bfc062723c751e8b465ee728b)
Start importing Assets/Unity UI Samples/Models/Materials/vehicle_rcFlyer_dome_mat.mat using Guid(27342824cec2ee64ab208b2396c0d82c) Importer(815301076,1909f56bfc062723c751e8b465ee728b)  -> (artifact id: 'dab2a180fd27bd53c4a3eaaeec6ab017') in 0.018241 seconds
  Import took 0.019836 seconds .

========================================================================
Received Import Request.
  Time since last request: 0.000195 seconds.
  path: Assets/Unity UI Samples/Models/Materials/vehicle_rcFlyer_metal_mat.mat
  artifactKey: Guid(879f5ab2d2a90614db855e052b3e2f20) Importer(815301076,1909f56bfc062723c751e8b465ee728b)
Start importing Assets/Unity UI Samples/Models/Materials/vehicle_rcFlyer_metal_mat.mat using Guid(879f5ab2d2a90614db855e052b3e2f20) Importer(815301076,1909f56bfc062723c751e8b465ee728b)  -> (artifact id: '80f70b4b8a50aa6a6f1441036bfa4d3f') in 0.017287 seconds
  Import took 0.018867 seconds .

========================================================================
Received Import Request.
  Time since last request: 0.000225 seconds.
  path: Assets/Unity UI Samples/Materials/Slider Knob.mat
  artifactKey: Guid(2ac0972e5f0b5439998e30db4f1ab9c3) Importer(815301076,1909f56bfc062723c751e8b465ee728b)
Start importing Assets/Unity UI Samples/Materials/Slider Knob.mat using Guid(2ac0972e5f0b5439998e30db4f1ab9c3) Importer(815301076,1909f56bfc062723c751e8b465ee728b)  -> (artifact id: '7c76f9937cef70c2eb4d3107ca1865d6') in 0.015182 seconds
  Import took 0.016809 seconds .

========================================================================
Received Import Request.
  Time since last request: 0.000221 seconds.
  path: Assets/Unity UI Samples/Materials/Slider Fill.mat
  artifactKey: Guid(74069a396ef888d4ea96c33784281ac5) Importer(815301076,1909f56bfc062723c751e8b465ee728b)
Start importing Assets/Unity UI Samples/Materials/Slider Fill.mat using Guid(74069a396ef888d4ea96c33784281ac5) Importer(815301076,1909f56bfc062723c751e8b465ee728b)  -> (artifact id: '05dea1b2479e91d12526482f762b3d8c') in 0.015052 seconds
  Import took 0.016668 seconds .

========================================================================
Received Import Request.
  Time since last request: 0.000218 seconds.
  path: Assets/Unity UI Samples/Materials/Window.mat
  artifactKey: Guid(3cc66b78ab25c204f9b4d415d02e3abe) Importer(815301076,1909f56bfc062723c751e8b465ee728b)
Start importing Assets/Unity UI Samples/Materials/Window.mat using Guid(3cc66b78ab25c204f9b4d415d02e3abe) Importer(815301076,1909f56bfc062723c751e8b465ee728b)  -> (artifact id: '6cfa18f44bf010e7c5d6a2cc6a5aa203') in 0.014257 seconds
  Import took 0.015874 seconds .

========================================================================
Received Import Request.
  Time since last request: 0.000264 seconds.
  path: Assets/Unity UI Samples/Models/Materials/vehicle_rcLand_clean_dome_mat.mat
  artifactKey: Guid(55f58b5c6d91aae47ad45710a559756d) Importer(815301076,1909f56bfc062723c751e8b465ee728b)
Start importing Assets/Unity UI Samples/Models/Materials/vehicle_rcLand_clean_dome_mat.mat using Guid(55f58b5c6d91aae47ad45710a559756d) Importer(815301076,1909f56bfc062723c751e8b465ee728b)  -> (artifact id: 'fa863b5e31604b25af7b06046a655c73') in 0.015737 seconds
  Import took 0.017310 seconds .

========================================================================
Received Import Request.
  Time since last request: 36.048361 seconds.
  path: Assets/Robot Kyle/Model/Robot Kyle.fbx
  artifactKey: Guid(320b1c2af77554f99a1658df4a6d3d5c) Importer(815301076,1909f56bfc062723c751e8b465ee728b)
Start importing Assets/Robot Kyle/Model/Robot Kyle.fbx using Guid(320b1c2af77554f99a1658df4a6d3d5c) Importer(815301076,1909f56bfc062723c751e8b465ee728b)  -> (artifact id: '8f8c6c6a679c7705a0ffb426d7c8cb7a') in 0.197718 seconds
  Import took 0.199498 seconds .

========================================================================
Received Prepare
Registering precompiled user dll's ...
Registered in 0.000958 seconds.
Begin MonoManager ReloadAssembly
Native extension for WindowsStandalone target not found
Native extension for WebGL target not found
Refreshing native plugins compatible for Editor in 0.17 ms, found 0 plugins.
Preloading 0 native plugins for Editor in 0.00 ms.
Mono: successfully reloaded assembly
- Completed reload, in  0.614 seconds
Platform modules already initialized, skipping
Refreshing native plugins compatible for Editor in 0.17 ms, found 0 plugins.
Preloading 0 native plugins for Editor in 0.00 ms.
Unloading 1123 Unused Serialized files (Serialized files now loaded: 0)
System memory in use before: 76.1 MB.
System memory in use after: 76.2 MB.

Unloading 5 unused Assets to reduce memory usage. Loaded Objects now: 1671.
Total: 1.261500 ms (FindLiveObjects: 0.105100 ms CreateObjectMapping: 0.028000 ms MarkObjects: 1.093600 ms  DeleteObjects: 0.034100 ms)

========================================================================
Received Import Request.
  Time since last request: 72.309063 seconds.
  path: Assets/PlayerMovement.cs
  artifactKey: Guid(cc27deac5075c2440993ea385c74a7f8) Importer(815301076,1909f56bfc062723c751e8b465ee728b)
Start importing Assets/PlayerMovement.cs using Guid(cc27deac5075c2440993ea385c74a7f8) Importer(815301076,1909f56bfc062723c751e8b465ee728b)  -> (artifact id: 'bb022f34c3cfaceb502d6095d79d8a10') in 0.010988 seconds
  Import took 0.012570 seconds .

========================================================================
Received Import Request.
  Time since last request: 0.001500 seconds.
  path: Assets/PlayerMovement.cs
  artifactKey: Guid(cc27deac5075c2440993ea385c74a7f8) Importer(815301076,1909f56bfc062723c751e8b465ee728b)
Start importing Assets/PlayerMovement.cs using Guid(cc27deac5075c2440993ea385c74a7f8) Importer(815301076,1909f56bfc062723c751e8b465ee728b)  -> (artifact id: 'bb022f34c3cfaceb502d6095d79d8a10') in 0.003935 seconds
  Import took 0.005366 seconds .

AssetImportWorkerClient::OnTransportError - code=2 error=End of file
